Log file open, 11/23/18 16:31:34
LogWindows: Failed to load 'aqProf.dll' (GetLastError=126)
LogWindows: File 'aqProf.dll' does not exist
LogWindows: Failed to load 'VSPerf140.dll' (GetLastError=126)
LogWindows: File 'VSPerf140.dll' does not exist
LogWindows: Failed to load 'VtuneApi.dll' (GetLastError=126)
LogWindows: File 'VtuneApi.dll' does not exist
LogWindows: Failed to load 'VtuneApi32e.dll' (GetLastError=126)
LogWindows: File 'VtuneApi32e.dll' does not exist
LogInit: Display: Running engine for game: Graham
LogPlatformFile: Not using cached read wrapper
LogTaskGraph: Started task graph with 5 named threads and 23 total threads with 3 sets of task threads.
LogStats: Stats thread started at 2.809284
LogD3D11RHI: Loaded GFSDK_Aftermath_Lib.x64.dll
LogICUInternationalization: Display: ICU TimeZone Detection - Raw Offset: +2:00, Platform Override: ''
LogPluginManager: Mounting plugin Paper2D
LogPluginManager: Mounting plugin AISupport
LogPluginManager: Mounting plugin LightPropagationVolume
LogPluginManager: Mounting plugin CLionSourceCodeAccess
LogPluginManager: Mounting plugin CodeLiteSourceCodeAccess
LogPluginManager: Mounting plugin GitSourceControl
LogPluginManager: Mounting plugin KDevelopSourceCodeAccess
LogPluginManager: Mounting plugin NullSourceCodeAccess
LogPluginManager: Mounting plugin PerforceSourceControl
LogPluginManager: Mounting plugin SubversionSourceControl
LogPluginManager: Mounting plugin UObjectPlugin
LogPluginManager: Mounting plugin VisualStudioCodeSourceCodeAccess
LogPluginManager: Mounting plugin VisualStudioSourceCodeAccess
LogPluginManager: Mounting plugin XCodeSourceCodeAccess
LogPluginManager: Mounting plugin AssetManagerEditor
LogPluginManager: Mounting plugin CryptoKeys
LogPluginManager: Mounting plugin DataValidation
LogPluginManager: Mounting plugin FacialAnimation
LogPluginManager: Mounting plugin GameplayTagsEditor
LogPluginManager: Mounting plugin MacGraphicsSwitching
LogPluginManager: Mounting plugin MeshEditor
LogPluginManager: Mounting plugin MobileLauncherProfileWizard
LogPluginManager: Mounting plugin PluginBrowser
LogPluginManager: Mounting plugin SpeedTreeImporter
LogPluginManager: Mounting plugin DatasmithContent
LogPluginManager: Mounting plugin AlembicImporter
LogPluginManager: Mounting plugin AppleImageUtils
LogPluginManager: Mounting plugin AppleVision
LogPluginManager: Mounting plugin BackChannel
LogPluginManager: Mounting plugin CharacterAI
LogPluginManager: Mounting plugin GeometryCache
LogPluginManager: Mounting plugin HTML5Networking
LogPluginManager: Mounting plugin ProxyLODPlugin
LogPluginManager: Mounting plugin MagicLeap
LogPluginManager: Mounting plugin MagicLeapEmulator
LogPluginManager: Mounting plugin MagicLeapMedia
LogPluginManager: Mounting plugin AndroidMedia
LogPluginManager: Mounting plugin AvfMedia
LogPluginManager: Mounting plugin ImgMedia
LogPluginManager: Mounting plugin LinearTimecode
LogPluginManager: Mounting plugin MediaCompositing
LogPluginManager: Mounting plugin MediaPlayerEditor
LogPluginManager: Mounting plugin WmfMedia
LogPluginManager: Mounting plugin TcpMessaging
LogPluginManager: Mounting plugin UdpMessaging
LogPluginManager: Mounting plugin ActorSequence
LogPluginManager: Mounting plugin LevelSequenceEditor
LogPluginManager: Mounting plugin MatineeToLevelSequence
LogPluginManager: Mounting plugin NetcodeUnitTest
LogPluginManager: Mounting plugin NUTUnrealEngine4
LogPluginManager: Mounting plugin OnlineSubsystemGooglePlay
LogPluginManager: Mounting plugin OnlineSubsystemIOS
LogPluginManager: Mounting plugin OnlineSubsystem
LogPluginManager: Mounting plugin OnlineSubsystemNull
LogPluginManager: Mounting plugin OnlineSubsystemUtils
LogPluginManager: Mounting plugin LauncherChunkInstaller
LogPluginManager: Mounting plugin AndroidDeviceProfileSelector
LogPluginManager: Mounting plugin AndroidMoviePlayer
LogPluginManager: Mounting plugin AndroidPermission
LogPluginManager: Mounting plugin AppleMoviePlayer
LogPluginManager: Mounting plugin ArchVisCharacter
LogPluginManager: Mounting plugin AudioCapture
LogPluginManager: Mounting plugin CableComponent
LogPluginManager: Mounting plugin CustomMeshComponent
LogPluginManager: Mounting plugin EditableMesh
LogPluginManager: Mounting plugin ExampleDeviceProfileSelector
LogPluginManager: Mounting plugin GoogleCloudMessaging
LogPluginManager: Mounting plugin ImmediatePhysics
LogPluginManager: Mounting plugin IOSDeviceProfileSelector
LogPluginManager: Mounting plugin LinuxDeviceProfileSelector
LogPluginManager: Mounting plugin LocationServicesBPLibrary
LogPluginManager: Mounting plugin MobilePatchingUtils
LogPluginManager: Mounting plugin OculusVR
LogPluginManager: Plugin shader directory ../../../Engine/Plugins/Runtime/Oculus/OculusVR/Shaders found
LogPluginManager: Mapping shader source directory ../../../Engine/Plugins/Runtime/Oculus/OculusVR/Shaders to virtual directory /Plugin/OculusVR
LogPluginManager: Mounting plugin PhysXVehicles
LogPluginManager: Mounting plugin ProceduralMeshComponent
LogPluginManager: Mounting plugin RuntimePhysXCooking
LogPluginManager: Mounting plugin SteamVR
LogPluginManager: Mounting plugin WindowsMoviePlayer
LogStreaming: Display: Took  0.264s to configure plugins.
LogInit: Using libcurl 7.55.1-DEV
LogInit:  - built for x86_64-pc-win32
LogInit:  - supports SSL with OpenSSL/1.0.2h
LogInit:  - supports HTTP deflate (compression) using libz 1.2.8
LogInit:  - other features:
LogInit:      CURL_VERSION_SSL
LogInit:      CURL_VERSION_LIBZ
LogInit:      CURL_VERSION_IPV6
LogInit:      CURL_VERSION_ASYNCHDNS
LogInit:      CURL_VERSION_LARGEFILE
LogInit:      CURL_VERSION_IDN
LogInit:  CurlRequestOptions (configurable via config and command line):
LogInit:  - bVerifyPeer = false  - Libcurl will NOT verify peer certificate
LogInit:  - bUseHttpProxy = false  - Libcurl will NOT use HTTP proxy
LogInit:  - bDontReuseConnections = false  - Libcurl will reuse connections
LogInit:  - CertBundlePath = nullptr  - Libcurl will use whatever was configured at build time.
LogInit:  - MaxHostConnections = 16  - Libcurl will limit the number of connections to a host
LogInit:  - LocalHostAddr = Default
LogInit:  - BufferSize = 65536
LogInit: WinSock: version 1.1 (2.2), MaxSocks=32767, MaxUdp=65467
LogInit: Build: ++UE4+Release-4.20-CL-4369336
LogInit: Engine Version: 4.20.3-4369336+++UE4+Release-4.20
LogInit: Compatible Engine Version: 4.20.0-4212847+++UE4+Release-4.20
LogInit: Net CL: 4212847
LogInit: OS: Windows 10 (), CPU: Intel(R) Core(TM) i7 CPU         920  @ 2.67GHz, GPU: NVIDIA Quadro K5000
LogInit: Compiled (64-bit): Sep 17 2018 12:26:19
LogInit: Compiled with Visual C++: 19.13.26129.00
LogInit: Build Configuration: Development
LogInit: Branch Name: ++UE4+Release-4.20
LogInit: Command Line:  
LogInit: Base Directory: E:/Unreal Engine/UE_4.20/Engine/Binaries/Win64/
LogInit: Installed Engine Build: 1
LogDevObjectVersion: Number of dev versions registered: 20
LogDevObjectVersion:   Dev-Blueprints (B0D832E4-1F89-4F0D-ACCF-7EB736FD4AA2): 10
LogDevObjectVersion:   Dev-Build (E1C64328-A22C-4D53-A36C-8E866417BD8C): 0
LogDevObjectVersion:   Dev-Core (375EC13C-06E4-48FB-B500-84F0262A717E): 2
LogDevObjectVersion:   Dev-Editor (E4B068ED-F494-42E9-A231-DA0B2E46BB41): 24
LogDevObjectVersion:   Dev-Framework (CFFC743F-43B0-4480-9391-14DF171D2073): 34
LogDevObjectVersion:   Dev-Mobile (B02B49B5-BB20-44E9-A304-32B752E40360): 2
LogDevObjectVersion:   Dev-Networking (A4E4105C-59A1-49B5-A7C5-40C4547EDFEE): 0
LogDevObjectVersion:   Dev-Online (39C831C9-5AE6-47DC-9A44-9C173E1C8E7C): 0
LogDevObjectVersion:   Dev-Physics (78F01B33-EBEA-4F98-B9B4-84EACCB95AA2): 0
LogDevObjectVersion:   Dev-Platform (6631380F-2D4D-43E0-8009-CF276956A95A): 0
LogDevObjectVersion:   Dev-Rendering (12F88B9F-8875-4AFC-A67C-D90C383ABD29): 26
LogDevObjectVersion:   Dev-Sequencer (7B5AE74C-D270-4C10-A958-57980B212A5A): 9
LogDevObjectVersion:   Dev-VR (D7296918-1DD6-4BDD-9DE2-64A83CC13884): 2
LogDevObjectVersion:   Dev-LoadTimes (C2A15278-BFE7-4AFE-6C17-90FF531DF755): 1
LogDevObjectVersion:   Private-Geometry (6EACA3D4-40EC-4CC1-B786-8BED09428FC5): 3
LogDevObjectVersion:   Dev-AnimPhys (29E575DD-E0A3-4627-9D10-D276232CDCEA): 17
LogDevObjectVersion:   Dev-ReflectionCapture (6B266CEC-1EC7-4B8F-A30B-E4D90942FC07): 1
LogDevObjectVersion:   Dev-Automation (0DF73D61-A23F-47EA-B727-89E90C41499A): 1
LogDevObjectVersion:   FortniteMain (601D1886-AC64-4F84-AA16-D3DE0DEAC7D6): 12
LogDevObjectVersion:   Dev-Enterprise (9DFFBCD6-494F-0158-E221-12823C92A888): 1
LogStreaming: Display: Took  0.001s to delete old logs.
LogInit: Presizing for max 8388607 objects, including 0 objects not considered by GC, pre-allocating 0 bytes for permanent pool.
LogInit: Object subsystem initialized
[2018.11.23-14.31.38:076][  0]LogInit: Selected Device Profile: [Windows]
[2018.11.23-14.31.38:076][  0]LogInit: Applying CVar settings loaded from the selected device profile: [Windows]
[2018.11.23-14.31.38:137][  0]LogHAL: Display: Platform has ~ 16 GB [17170550784 / 17179869184 / 16], which maps to Larger [LargestMinGB=32, LargerMinGB=12, DefaultMinGB=8, SmallerMinGB=6, SmallestMinGB=0)
[2018.11.23-14.31.38:137][  0]LogInit: Setting Device Profile CVar: [[r.Vulkan.UseRealUBs:1]]
[2018.11.23-14.31.38:137][  0]LogInit: Going up to parent DeviceProfile []
[2018.11.23-14.31.38:155][  0]LogInit: Computer: BADERHOME
[2018.11.23-14.31.38:155][  0]LogInit: User: abade
[2018.11.23-14.31.38:155][  0]LogInit: CPU Page size=4096, Cores=4
[2018.11.23-14.31.38:155][  0]LogInit: High frequency timer resolution =2.610086 MHz
[2018.11.23-14.31.38:155][  0]LogMemory: Memory total: Physical=16.0GB (16GB approx)
[2018.11.23-14.31.38:155][  0]LogMemory: Platform Memory Stats for Windows
[2018.11.23-14.31.38:155][  0]LogMemory: Process Physical Memory: 99.07 MB used, 99.07 MB peak
[2018.11.23-14.31.38:155][  0]LogMemory: Process Virtual Memory: 90.86 MB used, 90.86 MB peak
[2018.11.23-14.31.38:155][  0]LogMemory: Physical Memory: 7199.23 MB used,  9175.89 MB free, 16375.11 MB total
[2018.11.23-14.31.38:155][  0]LogMemory: Virtual Memory: 4644.89 MB used,  9175.89 MB free, 134217728.00 MB total
[2018.11.23-14.31.38:831][  0]LogInit: Using OS detected language (en-US).
[2018.11.23-14.31.38:831][  0]LogInit: Using OS detected locale (en-US).
[2018.11.23-14.31.38:871][  0]LogTextLocalizationManager: No specific localization for 'en-US' exists, so the 'en' localization will be used.
[2018.11.23-14.31.39:998][  0]LogStreaming: Display: Took  1.167s to InitEngineTextLocalization.
[2018.11.23-14.31.39:998][  0]LogInit: Setting process to per monitor DPI aware
[2018.11.23-14.31.40:701][  0]LogSlate: New Slate User Created.  User Index 0, Is Virtual User: 0
[2018.11.23-14.31.40:701][  0]LogSlate: Slate User Registered.  User Index 0, Is Virtual User: 0
[2018.11.23-14.31.44:332][  0]LogHMD: Failed to initialize OpenVR with code 110
[2018.11.23-14.31.44:332][  0]LogD3D11RHI: D3D11 adapters:
[2018.11.23-14.31.44:411][  0]LogD3D11RHI:    0. 'NVIDIA Quadro K5000' (Feature Level 11_0)
[2018.11.23-14.31.44:411][  0]LogD3D11RHI:       3541/0/8187 MB DedicatedVideo/DedicatedSystem/SharedSystem, Outputs:2, VendorId:0x10de
[2018.11.23-14.31.44:414][  0]LogD3D11RHI:    1. 'Microsoft Basic Render Driver' (Feature Level 11_0)
[2018.11.23-14.31.44:414][  0]LogD3D11RHI:       0/0/8187 MB DedicatedVideo/DedicatedSystem/SharedSystem, Outputs:0, VendorId:0x1414
[2018.11.23-14.31.44:414][  0]LogD3D11RHI: Chosen D3D11 Adapter: 0
[2018.11.23-14.31.44:423][  0]LogD3D11RHI: Creating new Direct3DDevice
[2018.11.23-14.31.44:423][  0]LogD3D11RHI:     GPU DeviceId: 0x11ba (for the marketing name, search the web for "GPU Device Id")
[2018.11.23-14.31.44:423][  0]LogWindows: EnumDisplayDevices:
[2018.11.23-14.31.44:424][  0]LogWindows:    0. 'NVIDIA Quadro K5000' (P:1 D:1)
[2018.11.23-14.31.44:424][  0]LogWindows:    1. 'NVIDIA Quadro K5000' (P:0 D:1)
[2018.11.23-14.31.44:424][  0]LogWindows:    2. 'NVIDIA Quadro K5000' (P:0 D:0)
[2018.11.23-14.31.44:425][  0]LogWindows:    3. 'NVIDIA Quadro K5000' (P:0 D:0)
[2018.11.23-14.31.44:425][  0]LogWindows: DebugString: FoundDriverCount:4 
[2018.11.23-14.31.44:425][  0]LogD3D11RHI:     Adapter Name: NVIDIA Quadro K5000
[2018.11.23-14.31.44:425][  0]LogD3D11RHI:   Driver Version: 391.33 (internal:23.21.13.9133, unified:391.33)
[2018.11.23-14.31.44:425][  0]LogD3D11RHI:      Driver Date: 3-22-2018
[2018.11.23-14.31.44:425][  0]LogRHI: Texture pool is 2478 MB (70% of 3541 MB)
[2018.11.23-14.31.44:482][  0]LogD3D11RHI: Async texture creation enabled
[2018.11.23-14.31.44:501][  0]LogD3D11RHI: GPU Timing Frequency: 1000.000000 (Debug: 2 2)
[2018.11.23-14.31.44:558][  0]LogShaderCompilers: Guid format shader working directory is -1 characters bigger than the processId version (C:/Users/abade/OneDrive/Documents/GitHub/Graham/Intermediate/Shaders/WorkingDirectory/7968/).
[2018.11.23-14.31.44:559][  0]LogShaderCompilers: Cleaned the shader compiler working directory 'C:/Users/abade/AppData/Local/Temp/UnrealShaderWorkingDir/33088CEF46DE0B055DB565849A1804FB/'.
[2018.11.23-14.31.45:847][  0]LogTemp: Display: Loaded TP AllDesktopTargetPlatform
[2018.11.23-14.31.45:899][  0]LogTemp: Display: Loaded TP MacClientTargetPlatform
[2018.11.23-14.31.45:936][  0]LogTemp: Display: Loaded TP MacNoEditorTargetPlatform
[2018.11.23-14.31.45:978][  0]LogTemp: Display: Loaded TP MacServerTargetPlatform
[2018.11.23-14.31.46:054][  0]LogTemp: Display: Loaded TP MacTargetPlatform
[2018.11.23-14.31.46:105][  0]LogTemp: Display: Loaded TP WindowsClientTargetPlatform
[2018.11.23-14.31.46:144][  0]LogTemp: Display: Loaded TP WindowsNoEditorTargetPlatform
[2018.11.23-14.31.46:186][  0]LogTemp: Display: Loaded TP WindowsServerTargetPlatform
[2018.11.23-14.31.46:217][  0]LogTemp: Display: Loaded TP WindowsTargetPlatform
[2018.11.23-14.31.46:403][  0]LogTemp: Display: Loaded TP AndroidTargetPlatform
[2018.11.23-14.31.46:403][  0]LogTemp: Display: Loaded TP AndroidTargetPlatform
[2018.11.23-14.31.46:403][  0]LogTemp: Display: Loaded TP AndroidTargetPlatform
[2018.11.23-14.31.46:403][  0]LogTemp: Display: Loaded TP AndroidTargetPlatform
[2018.11.23-14.31.46:403][  0]LogTemp: Display: Loaded TP AndroidTargetPlatform
[2018.11.23-14.31.46:403][  0]LogTemp: Display: Loaded TP AndroidTargetPlatform
[2018.11.23-14.31.46:403][  0]LogTemp: Display: Loaded TP AndroidTargetPlatform
[2018.11.23-14.31.46:403][  0]LogTemp: Display: Loaded TP AndroidTargetPlatform
[2018.11.23-14.31.46:403][  0]LogTemp: Display: Loaded TP AndroidTargetPlatform
[2018.11.23-14.31.46:403][  0]LogTemp: Display: Loaded TP AndroidTargetPlatform
[2018.11.23-14.31.46:403][  0]LogTemp: Display: Loaded TP AndroidTargetPlatform
[2018.11.23-14.31.46:403][  0]LogTemp: Display: Loaded TP AndroidTargetPlatform
[2018.11.23-14.31.46:403][  0]LogTemp: Display: Loaded TP AndroidTargetPlatform
[2018.11.23-14.31.46:403][  0]LogTemp: Display: Loaded TP AndroidTargetPlatform
[2018.11.23-14.31.46:403][  0]LogTemp: Display: Loaded TP AndroidTargetPlatform
[2018.11.23-14.31.46:403][  0]LogTemp: Display: Loaded TP AndroidTargetPlatform
[2018.11.23-14.31.46:403][  0]LogTemp: Display: Loaded TP AndroidTargetPlatform
[2018.11.23-14.31.46:403][  0]LogTemp: Display: Loaded TP AndroidTargetPlatform
[2018.11.23-14.31.46:431][  0]LogTemp: Display: Loaded TP HTML5TargetPlatform
[2018.11.23-14.31.46:630][  0]LogTemp: Display: Loaded TP IOSTargetPlatform
[2018.11.23-14.31.46:630][  0]LogTemp: Display: Loaded TP IOSTargetPlatform
[2018.11.23-14.31.46:701][  0]LogTemp: Display: Loaded TP TVOSTargetPlatform
[2018.11.23-14.31.46:701][  0]LogTemp: Display: Loaded TP TVOSTargetPlatform
[2018.11.23-14.31.46:754][  0]LogTemp: Display: Loaded TP LinuxClientTargetPlatform
[2018.11.23-14.31.46:803][  0]LogTemp: Display: Loaded TP LinuxNoEditorTargetPlatform
[2018.11.23-14.31.46:858][  0]LogTemp: Display: Loaded TP LinuxServerTargetPlatform
[2018.11.23-14.31.46:931][  0]LogTemp: Display: Loaded TP LinuxTargetPlatform
[2018.11.23-14.31.46:965][  0]LogTemp: Display: Loaded TP LuminTargetPlatform
[2018.11.23-14.31.46:965][  0]LogTargetPlatformManager: Display: Building Assets For Windows
[2018.11.23-14.31.48:037][  0]LogXGEController: Cleaning working directory: C:/Users/abade/AppData/Local/Temp/UnrealXGEWorkingDir/
[2018.11.23-14.31.48:037][  0]LogXGEController: Cannot use XGE Controller as Incredibuild is not installed on this machine.
[2018.11.23-14.31.48:037][  0]LogShaderCompilers: Cannot use XGE Shader Compiler as Incredibuild is not installed on this machine.
[2018.11.23-14.31.48:037][  0]LogShaderCompilers: Display: Using Local Shader Compiler.
[2018.11.23-14.31.52:266][  0]LogDerivedDataCache: Display: Max Cache Size: 512 MB
[2018.11.23-14.31.52:828][  0]LogDerivedDataCache: Loaded boot cache 0.56s 71MB C:/Users/abade/AppData/Local/UnrealEngine/4.20/DerivedDataCache/Boot.ddc.
[2018.11.23-14.31.52:829][  0]LogDerivedDataCache: Display: Loaded Boot cache: C:/Users/abade/AppData/Local/UnrealEngine/4.20/DerivedDataCache/Boot.ddc
[2018.11.23-14.31.52:829][  0]LogDerivedDataCache: FDerivedDataBackendGraph:  Pak pak cache file C:/Users/abade/OneDrive/Documents/GitHub/Graham/DerivedDataCache/DDC.ddp not found, will not use a pak cache.
[2018.11.23-14.31.52:830][  0]LogDerivedDataCache: Unable to find inner node Pak for hierarchical cache Hierarchy.
[2018.11.23-14.31.52:830][  0]LogDerivedDataCache: FDerivedDataBackendGraph:  CompressedPak pak cache file C:/Users/abade/OneDrive/Documents/GitHub/Graham/DerivedDataCache/Compressed.ddp not found, will not use a pak cache.
[2018.11.23-14.31.52:830][  0]LogDerivedDataCache: Unable to find inner node CompressedPak for hierarchical cache Hierarchy.
[2018.11.23-14.31.53:086][  0]LogDerivedDataCache: Display: Pak cache opened for reading ../../../Engine/DerivedDataCache/Compressed.ddp.
[2018.11.23-14.31.53:100][  0]LogDerivedDataCache: Using Local data cache path C:/Users/abade/AppData/Local/UnrealEngine/Common/DerivedDataCache: Writable
[2018.11.23-14.31.53:100][  0]LogDerivedDataCache: Shared data cache path not found in *engine.ini, will not use an Shared cache.
[2018.11.23-14.31.53:100][  0]LogDerivedDataCache: Unable to find inner node Shared for hierarchical cache Hierarchy.
[2018.11.23-14.31.53:137][  0]LogMaterial: Verifying Global Shaders for PCD3D_SM5
[2018.11.23-14.31.53:141][  0]LogSlate: Using FreeType 2.6.0
[2018.11.23-14.31.53:224][  0]LogSlate: SlateFontServices - WITH_FREETYPE: 1, WITH_HARFBUZZ: 1
[2018.11.23-14.31.53:842][  0]LogAssetRegistry: FAssetRegistry took 0.0301 seconds to start up
[2018.11.23-14.31.54:570][  0]LogInit: Selected Device Profile: [Windows]
[2018.11.23-14.31.56:935][  0]LogSimplygon: Simplygon DLL not present - disabling.
[2018.11.23-14.31.57:566][  0]LogMeshReduction: Using SimplygonSwarm for distributed automatic mesh merging
[2018.11.23-14.31.57:595][  0]LogMeshReduction: Using ProxyLODMeshReduction for automatic mesh merging
[2018.11.23-14.31.57:595][  0]LogMeshReduction: Using QuadricMeshReduction for automatic static mesh reduction
[2018.11.23-14.31.57:596][  0]LogMeshReduction: No automatic skeletal mesh reduction module available
[2018.11.23-14.31.57:921][  0]LogNetVersion: Graham 1.0.0, NetCL: 4212847, EngineNetVer: 5, GameNetVer: 0 (Checksum: 2792934445)
[2018.11.23-14.32.01:537][  0]LogPackageLocalizationCache: Processed 11 localized package path(s) for 2 prioritized culture(s) in 0.206450 seconds
[2018.11.23-14.32.01:548][  0]LogUObjectArray: 38425 objects as part of root set at end of initial load.
[2018.11.23-14.32.01:549][  0]LogUObjectAllocator: 6690872 out of 0 bytes used by permanent object pool.
[2018.11.23-14.32.01:549][  0]LogUObjectArray: CloseDisregardForGC: 0/0 objects in disregard for GC pool
[2018.11.23-14.32.18:875][  0]LogTcpMessaging: Initializing TcpMessaging bridge
[2018.11.23-14.32.19:004][  0]LogUdpMessaging: Initializing bridge on interface 0.0.0.0:0 to multicast group 230.0.0.1:6666.
[2018.11.23-14.32.21:238][  0]SourceControl: Source control is disabled
[2018.11.23-14.32.21:240][  0]LogWindows: Warning: CreateProc failed: The system cannot find the file specified. (0x00000002)
[2018.11.23-14.32.21:240][  0]LogWindows: Warning: URL: C:/Program Files/Git/bin/git.exe version
[2018.11.23-14.32.21:374][  0]LogWindows: Warning: CreateProc failed: The system cannot find the file specified. (0x00000002)
[2018.11.23-14.32.21:374][  0]LogWindows: Warning: URL: C:/Program Files/Git/bin/git.exe version
[2018.11.23-14.32.21:429][  0]LogWindows: Warning: CreateProc failed: The system cannot find the file specified. (0x00000002)
[2018.11.23-14.32.21:429][  0]LogWindows: Warning: URL: C:/Program Files/Git/bin/git.exe version
[2018.11.23-14.32.25:070][  0]LogAndroidPermission: UAndroidPermissionCallbackProxy::GetInstance
[2018.11.23-14.32.25:446][  0]LogOcInput: OculusInput pre-init called
[2018.11.23-14.32.25:909][  0]LogEngine: Initializing Engine...
[2018.11.23-14.32.25:910][  0]LogHMD: Failed to initialize OpenVR with code 110
[2018.11.23-14.32.25:912][  0]LogStats: UGameplayTagsManager::ConstructGameplayTagTree: ImportINI prefixes -  0.000 s
[2018.11.23-14.32.25:912][  0]LogStats: UGameplayTagsManager::ConstructGameplayTagTree: Construct from data asset -  0.000 s
[2018.11.23-14.32.25:912][  0]LogStats: UGameplayTagsManager::ConstructGameplayTagTree: ImportINI -  0.000 s
[2018.11.23-14.32.25:912][  0]LogStats: UGameplayTagsManager::ConstructGameplayTagTree: GameplayTagTreeChangedEvent.Broadcast -  0.000 s
[2018.11.23-14.32.26:386][  0]LogInit: Initializing FReadOnlyCVARCache
[2018.11.23-14.32.26:702][  0]LogAIModule: Creating AISystem for world Untitled
[2018.11.23-14.32.26:728][  0]LogInit: XAudio2 using 'Digital Audio (S/PDIF) (2- High Definition Audio Device)' : 2 channels at 48 kHz using 16 bits per sample (channel mask 0x3)
[2018.11.23-14.32.26:758][  0]LogInit: FAudioDevice initialized.
[2018.11.23-14.32.26:758][  0]LogNetVersion: Set ProjectVersion to 1.0.0.0. Version Checksum will be recalculated on next use.
[2018.11.23-14.32.26:891][  0]LogDerivedDataCache: Saved boot cache 0.13s 71MB C:/Users/abade/AppData/Local/UnrealEngine/4.20/DerivedDataCache/Boot.ddc.
[2018.11.23-14.32.26:895][  0]LogInit: Texture streaming: Enabled
[2018.11.23-14.32.27:061][  0]LogEngineSessionManager: EngineSessionManager initialized
[2018.11.23-14.32.27:061][  0]LogEngineSessionManager: EngineSessionManager sent abnormal shutdown report. Type=AbnormalShutdown, SessionId={56774DF5-4F20-D50E-CABB-4BB32CE0626E}
[2018.11.23-14.32.27:061][  0]LogEngineSessionManager: EngineSessionManager sent abnormal shutdown report. Type=AbnormalShutdown, SessionId={F4177392-4E1E-ACB6-E7E1-C2AF375BD0F1}
[2018.11.23-14.32.27:137][  0]LogInit: Transaction tracking system initialized
[2018.11.23-14.32.27:430][  0]BlueprintLog: New page: Editor Load
[2018.11.23-14.32.29:502][  0]LocalizationService: Localization service is disabled
[2018.11.23-14.32.32:350][  0]LogCook: Display: Max memory allowance for cook 16384mb min free memory 0mb
[2018.11.23-14.32.32:350][  0]LogCook: Display: Mobile HDR setting 1
[2018.11.23-14.32.32:351][  0]LogGameplayTags: Display: UGameplayTagsManager::DoneAddingNativeTags. DelegateIsBound: 0
[2018.11.23-14.32.32:351][  0]LogStats: UGameplayTagsManager::ConstructGameplayTagTree: ImportINI prefixes -  0.000 s
[2018.11.23-14.32.32:351][  0]LogStats: UGameplayTagsManager::ConstructGameplayTagTree: Construct from data asset -  0.000 s
[2018.11.23-14.32.32:351][  0]LogStats: UGameplayTagsManager::ConstructGameplayTagTree: ImportINI -  0.000 s
[2018.11.23-14.32.32:351][  0]LogStats: UGameplayTagsManager::ConstructGameplayTagTree: GameplayTagTreeChangedEvent.Broadcast -  0.000 s
[2018.11.23-14.32.32:809][  0]LogFileCache: Scanning file cache for directory 'C:/Users/abade/OneDrive/Documents/GitHub/Graham/Content/' took 0.04s
[2018.11.23-14.32.35:692][  0]LogWindows: Warning: CreateProc failed: The system cannot find the file specified. (0x00000002)
[2018.11.23-14.32.35:692][  0]LogWindows: Warning: URL: C:/Program Files/Git/bin/git.exe version
[2018.11.23-14.32.35:692][  0]Cmd: MAP LOAD FILE="../../../Engine/Content/Maps/Templates/Template_Default.umap" TEMPLATE=1 SHOWPROGRESS=1 FEATURELEVEL=3
[2018.11.23-14.32.35:693][  0]LightingResults: New page: Lighting Build
[2018.11.23-14.32.35:700][  0]MapCheck: New page: Map Check
[2018.11.23-14.32.35:701][  0]LightingResults: New page: Lighting Build
[2018.11.23-14.32.36:560][  0]LogAIModule: Creating AISystem for world Untitled_1
[2018.11.23-14.32.36:633][  0]LogEditorServer: Finished looking for orphan Actors (0.000 secs)
[2018.11.23-14.32.36:672][  0]Cmd: MAP CHECKDEP NOCLEARLOG
[2018.11.23-14.32.36:789][  0]MapCheck: Map check complete: 0 Error(s), 0 Warning(s), took 117.003ms to complete.
[2018.11.23-14.32.36:789][  0]LogFileHelpers: Loading map 'Template_Default' took 1.097
[2018.11.23-14.32.37:141][  0]LogSlate: Updating window title bar state: overlay mode, drag disabled, window buttons hidden, title bar hidden
[2018.11.23-14.32.37:156][  0]LogSlate: Updating window title bar state: overlay mode, drag disabled, window buttons hidden, title bar hidden
[2018.11.23-14.32.37:175][  0]LogSlate: Updating window title bar state: overlay mode, drag disabled, window buttons hidden, title bar hidden
[2018.11.23-14.32.37:192][  0]LogSlate: Updating window title bar state: overlay mode, drag disabled, window buttons hidden, title bar hidden
[2018.11.23-14.32.37:285][  0]LogCollectionManager: Loaded 0 collections in 0.001890 seconds
[2018.11.23-14.32.37:408][  0]LogFileCache: Scanning file cache for directory 'C:/Users/abade/OneDrive/Documents/GitHub/Graham/Saved/Collections/' took 0.01s
[2018.11.23-14.32.37:408][  0]LogFileCache: Scanning file cache for directory 'C:/Users/abade/OneDrive/Documents/GitHub/Graham/Content/Developers/abade/Collections/' took 0.01s
[2018.11.23-14.32.37:408][  0]LogFileCache: Scanning file cache for directory 'C:/Users/abade/OneDrive/Documents/GitHub/Graham/Content/Collections/' took 0.01s
[2018.11.23-14.32.37:408][  0]LogCollectionManager: Rebuilt the GUID cache for 0 collections in 0.000001 seconds
[2018.11.23-14.32.37:426][  0]LogContentBrowser: Native class hierarchy populated in 0.0169 seconds. Added 2572 classes and 603 folders.
[2018.11.23-14.32.37:438][  0]LogContentBrowser: Native class hierarchy updated for 'WidgetCarousel' in 0.0005 seconds. Added 0 classes and 0 folders.
[2018.11.23-14.32.40:172][  0]LogContentBrowser: Native class hierarchy updated for 'AddContentDialog' in 0.0004 seconds. Added 0 classes and 0 folders.
[2018.11.23-14.32.40:230][  0]LogContentBrowser: Native class hierarchy updated for 'SceneOutliner' in 0.0007 seconds. Added 1 classes and 2 folders.
[2018.11.23-14.32.40:332][  0]LogSlate: Took 0.048073 seconds to synchronously load lazily loaded font '../../../Engine/Content/Slate/Fonts/Roboto-Regular.ttf' (155K)
[2018.11.23-14.32.40:392][  0]LogSlate: Took 0.057301 seconds to synchronously load lazily loaded font '../../../Engine/Content/Slate/Fonts/Roboto-Bold.ttf' (160K)
[2018.11.23-14.32.40:437][  0]LogSlate: Took 0.034695 seconds to synchronously load lazily loaded font '../../../Engine/Content/Editor/Slate/Fonts/FontAwesome.ttf' (139K)
[2018.11.23-14.32.40:834][  0]LogRenderer: Reallocating scene render targets to support 1208x600 Format 10 NumSamples 1 (Frame:1).
[2018.11.23-14.32.41:110][  0]LogSlate: FSceneViewport::OnFocusLost() reason 2
[2018.11.23-14.32.41:220][  0]LogSlate: Window 'Tutorials' being destroyed
[2018.11.23-14.32.41:341][  0]LogContentBrowser: Native class hierarchy updated for 'HierarchicalLODOutliner' in 0.0004 seconds. Added 0 classes and 0 folders.
[2018.11.23-14.32.41:341][  0]LogLoad: (Engine Initialization) Total time: 83.69 seconds
[2018.11.23-14.32.41:341][  0]LogLoad: (Engine Initialization) Total Blueprint compile time: 0.00 seconds
[2018.11.23-14.32.41:383][  0]LogContentStreaming: Texture pool size now 1000 MB
[2018.11.23-14.32.41:471][  0]LogSlate: Took 0.040219 seconds to synchronously load lazily loaded font '../../../Engine/Content/Slate/Fonts/Roboto-Light.ttf' (167K)
[2018.11.23-14.32.41:704][  4]LogAssetRegistry: Asset discovery search completed in 47.8843 seconds
[2018.11.23-14.32.41:711][  4]LogCollectionManager: Rebuilt the object cache for 0 collections in 0.000001 seconds (found 0 objects)
[2018.11.23-14.32.41:711][  4]LogCollectionManager: Fixed up redirectors for 0 collections in 0.000304 seconds (updated 0 objects)
[2018.11.23-14.33.32:905][444]LogSlate: FSceneViewport::OnFocusLost() reason 0
[2018.11.23-14.33.50:858][567]LogBlueprint: Warning: [Compiler BP_Commentary_Box] Set Text (String)  is deprecated; Use the SetText function taking an FText instead.
[2018.11.23-14.33.50:879][567]LogBlueprint: Warning: [Compiler BP_Commentary_Box] Set Text (String)  is deprecated; Use the SetText function taking an FText instead.
[2018.11.23-14.33.50:881][567]LogBlueprint: Warning: [Compiler BP_Commentary_Box] Function ' Set Active ' is unsafe to call in a construction script.
[2018.11.23-14.33.50:901][567]LogBlueprint: Warning: [Compiler BP_Commentary_Box] [0153.25] Compile of BP_Commentary_Box successful, but with 3 Warning(s) [in 94 ms] (/Game/Assets/Blueprints/BP_Commentary_Box.BP_Commentary_Box)
[2018.11.23-14.33.53:119][567]LogTexture: Display: Building textures: T_Clamp01_M (AutoDXT, 2048X2048)
[2018.11.23-14.33.53:119][567]LogTexture: Display: Building textures: T_Metal_Painted01_N (BC5, 2048X2048)
[2018.11.23-14.33.53:119][567]LogMaterial: Display: Missing cached shader map for material M_Emissive, compiling. 
[2018.11.23-14.33.53:677][567]LogTexture: Display: Building textures: T_Metal_Painted01_D (AutoDXT, 2048X2048)
[2018.11.23-14.33.53:677][567]LogShaderCompilers: Display: Shaders left to compile 31
[2018.11.23-14.33.53:677][567]LogShaderCompilers: Display: Shaders left to compile 21
[2018.11.23-14.33.53:677][567]LogShaderCompilers: Display: Shaders left to compile 11
[2018.11.23-14.33.53:677][567]LogShaderCompilers: Display: Shaders left to compile 1
[2018.11.23-14.33.53:677][567]LogTexture: Display: Building textures: T_Grime_N (BC5, 2048X2048)
[2018.11.23-14.33.53:677][567]LogStaticMesh: Building static mesh SM_Light_Fluorescent_Hanging_02...
[2018.11.23-14.33.53:703][567]LogSlate: Took 0.000695 seconds to synchronously load lazily loaded font '../../../Engine/Content/Slate/Fonts/Roboto-Light.ttf' (167K)
[2018.11.23-14.33.54:191][567]LogTexture: Display: Building textures: T_Base_Metal_Light_D (AutoDXT, 2048X2048)
[2018.11.23-14.33.54:191][567]LogStaticMesh: Built static mesh [0.52s] /Game/Assets/Mesh/SM_Light_Fluorescent_Hanging_02.SM_Light_Fluorescent_Hanging_02
[2018.11.23-14.34.18:872][567]LogTexture: Display: Building textures: T_Base_Metal_Light_N (BC5, 2048X2048)
[2018.11.23-14.34.18:872][567]LogTexture: Display: Building textures: T_Grime_D (AutoDXT, 2048X2048)
[2018.11.23-14.34.18:872][567]LogTexture: Display: Building textures: T_Reflection_Tiles_M (AutoDXT, 2048X2048)
[2018.11.23-14.34.18:872][567]LogTexture: Display: Building textures: T_Reflection_Tiles_Broken_N (BC5, 2048X2048)
[2018.11.23-14.34.18:872][567]LogTexture: Display: Building textures: T_Reflection_Tiles_Broken_D (AutoDXT, 2048X2048)
[2018.11.23-14.34.18:872][567]LogTexture: Display: Building textures: T_Hallway_Signs_D (AutoDXT, 2048X2048)
[2018.11.23-14.34.18:872][567]LogTexture: Display: Building textures: T_Floor_Tiles_N (BC5, 1024X1024)
[2018.11.23-14.34.18:872][567]LogTexture: Display: Building textures: T_Floor_Tiles_D (AutoDXT, 1024X1024)
[2018.11.23-14.34.18:872][567]LogTexture: Display: Building textures: T_Environment_Materials_Wet_TilingFlow02_N (BC5, 1024X1024)
[2018.11.23-14.34.18:872][567]LogTexture: Display: Building textures: T_Decals_D (AutoDXT, 1024X1024)
[2018.11.23-14.34.18:872][567]LogTexture: Display: Building textures: T_Plaster02_N (BC5, 2048X2048)
[2018.11.23-14.34.18:872][567]LogTexture: Display: Building textures: T_Plaster02_D (AutoDXT, 2048X2048)
[2018.11.23-14.34.18:872][567]LogTexture: Display: Building textures: T_Concrete_Wall01_N (BC5, 2048X2048)
[2018.11.23-14.34.18:872][567]LogTexture: Display: Building textures: T_Concrete_2_D (AutoDXT, 1024X1024)
[2018.11.23-14.34.18:872][567]LogTexture: Display: Building textures: T_Concrete_Wall01_D (AutoDXT, 2048X2048)
[2018.11.23-14.34.18:872][567]LogTexture: Display: Building textures: T_WaterTextures_M (AutoDXT, 2048X2048)
[2018.11.23-14.34.18:872][567]LogTexture: Display: Building textures: T_Light_Fluorescent_N (BC5, 2048X2048)
[2018.11.23-14.34.18:872][567]LogTexture: Display: Building textures: T_Rust_N (BC5, 2048X2048)
[2018.11.23-14.34.18:896][567]LogTexture: Display: Building textures: T_TextBox_Icon_M (AutoDXT, 1024X1024)
[2018.11.23-14.34.18:896][567]LogTexture: Display: Building textures: HQ_Lightmap0_1 (AutoDXT, 1024X1024)
[2018.11.23-14.34.18:896][567]LogTexture: Display: Building textures: HQ_Lightmap0_2 (AutoDXT, 1024X1024)
[2018.11.23-14.34.18:896][567]LogTexture: Display: Building textures: T_Light_Fluorescent_M (AutoDXT, 2048X2048)
